[0325/051029.606:INFO:CONSOLE:7] "Page Start", source: https://www.parkers.co.uk/car-valuation/ (7)
[0325/051029.620:INFO:CONSOLE:281] "Init: Injected script "https://cdnjs.cloudflare.com/ajax/libs/jquery/3.6.0/jquery.min.js" async=true", source: https://www.parkers.co.uk/car-valuation/ (281)
[0325/051029.621:INFO:CONSOLE:281] "Init: Injected script "https://cse.google.com/cse.js?cx=partner-pub-0732974847509699:4633199368" async=true", source: https://www.parkers.co.uk/car-valuation/ (281)
[0325/051030.280:INFO:CONSOLE:281] "Init: Injected script "https://www.google.com/recaptcha/api.js?render=6Ldzf24qAAAAACKs-7_XKIPzA0PUieP8SVlPNI0q" async=false", source: https://www.parkers.co.uk/car-valuation/ (281)
[0325/051030.432:INFO:CONSOLE:2123] "Adblocker enabled: false", source: https://www.parkers.co.uk/car-valuation/ (2123)
[0325/051030.445:INFO:CONSOLE:331] "Init: Document ready", source: https://www.parkers.co.uk/car-valuation/ (331)
[0325/051030.446:INFO:CONSOLE:281] "Init: Injected script "https://cdnjs.cloudflare.com/ajax/libs/foundation/5.5.3/js/foundation.min.js" async=true", source: https://www.parkers.co.uk/car-valuation/ (281)
[0325/051030.639:INFO:CONSOLE:281] "Init: Injected script "https://cdnjs.cloudflare.com/ajax/libs/modernizr/2.8.3/modernizr.min.js" async=true", source: https://www.parkers.co.uk/car-valuation/ (281)
[0325/051030.694:INFO:CONSOLE:281] "Init: Injected script "https://cdnjs.cloudflare.com/ajax/libs/react/0.14.9/react.min.js" async=true", source: https://www.parkers.co.uk/car-valuation/ (281)
[0325/051030.706:INFO:CONSOLE:281] "Init: Injected script "https://parkers-assets.bauersecure.com/js/parkers.common.aa45c23f9a5ba5f443eb.min.js" async=true", source: https://www.parkers.co.uk/car-valuation/ (281)
[0325/051030.710:INFO:CONSOLE:281] "Init: Injected script "https://parkers-assets.bauersecure.com/js/default_entry.83839379fe6032c0b485.min.js" async=true", source: https://www.parkers.co.uk/car-valuation/ (281)
[0325/051030.740:INFO:CONSOLE:2] "Parkers config,[object Object]", source: https://parkers-assets.bauersecure.com/js/parkers.common.aa45c23f9a5ba5f443eb.min.js (2)
[0325/051030.768:INFO:CONSOLE:2] "Quick Find Model,[object Object]", source: https://parkers-assets.bauersecure.com/js/parkers.common.aa45c23f9a5ba5f443eb.min.js (2)
[0325/051030.768:INFO:CONSOLE:2] "Flux Dispatcher,[object Object]", source: https://parkers-assets.bauersecure.com/js/parkers.common.aa45c23f9a5ba5f443eb.min.js (2)
[0325/051030.769:INFO:CONSOLE:2] "Quick Find Model,[object Object]", source: https://parkers-assets.bauersecure.com/js/parkers.common.aa45c23f9a5ba5f443eb.min.js (2)
[0325/051030.769:INFO:CONSOLE:2] "Quick Find Model,[object Object]", source: https://parkers-assets.bauersecure.com/js/parkers.common.aa45c23f9a5ba5f443eb.min.js (2)
[0325/051030.774:INFO:CONSOLE:2] "Quick Find Model,[object Object]", source: https://parkers-assets.bauersecure.com/js/parkers.common.aa45c23f9a5ba5f443eb.min.js (2)
[0325/051030.775:INFO:CONSOLE:2] "Flux Dispatcher,[object Object]", source: https://parkers-assets.bauersecure.com/js/parkers.common.aa45c23f9a5ba5f443eb.min.js (2)
[0325/051030.775:INFO:CONSOLE:2] "Quick Find Model,[object Object]", source: https://parkers-assets.bauersecure.com/js/parkers.common.aa45c23f9a5ba5f443eb.min.js (2)
[0325/051030.777:INFO:CONSOLE:2] "Quick Find Model,[object Object]", source: https://parkers-assets.bauersecure.com/js/parkers.common.aa45c23f9a5ba5f443eb.min.js (2)
[0325/051030.778:INFO:CONSOLE:2] "[VRM-LOOKUP] Initial State,[object Object]", source: https://parkers-assets.bauersecure.com/js/parkers.common.aa45c23f9a5ba5f443eb.min.js (2)
[0325/051030.778:INFO:CONSOLE:2] "[VRM-LOOKUP] Component Will Mount", source: https://parkers-assets.bauersecure.com/js/parkers.common.aa45c23f9a5ba5f443eb.min.js (2)
[0325/051030.779:INFO:CONSOLE:2] "[VRM-LOOKUP] Rendering normal view layout", source: https://parkers-assets.bauersecure.com/js/parkers.common.aa45c23f9a5ba5f443eb.min.js (2)
[0325/051030.780:INFO:CONSOLE:2] "Initialising page - after 1.174s", source: https://parkers-assets.bauersecure.com/js/parkers.common.aa45c23f9a5ba5f443eb.min.js (2)
[0325/051030.959:INFO:CONSOLE:75] "No gallery container found.", source:  (75)
[0325/051031.397:INFO:CONSOLE:1] "Permutive was not initialized. No consent to run on the page", source: https://cdn.permutive.app/556dcd72-7701-4fcf-99aa-1c623a3718be-web.js (1)
[0325/051031.622:INFO:CONSOLE:845] "data = [object Object]", source: https://www.googletagmanager.com/gtm.js?id=GTM-WM34QH&l=bauerDataLayer&gtm_auth=aid-I-0lB9YbgOCpsoLHPg&gtm_preview=env-3&gtm_cookies_win=x (845)
[0325/051031.853:INFO:CONSOLE:2] "Parkers API call successful", source: https://parkers-assets.bauersecure.com/js/parkers.common.aa45c23f9a5ba5f443eb.min.js (2)
[0325/051031.853:INFO:CONSOLE:2] "Quick Find Model,[object Object]", source: https://parkers-assets.bauersecure.com/js/parkers.common.aa45c23f9a5ba5f443eb.min.js (2)
[0325/051031.853:INFO:CONSOLE:2] "Flux Dispatcher,[object Object]", source: https://parkers-assets.bauersecure.com/js/parkers.common.aa45c23f9a5ba5f443eb.min.js (2)
[0325/051031.854:INFO:CONSOLE:2] "Quick Find Model,[object Object]", source: https://parkers-assets.bauersecure.com/js/parkers.common.aa45c23f9a5ba5f443eb.min.js (2)
[0325/051031.855:INFO:CONSOLE:2] "Quick Find Model,[object Object]", source: https://parkers-assets.bauersecure.com/js/parkers.common.aa45c23f9a5ba5f443eb.min.js (2)
[0325/051033.216:INFO:CONSOLE:1] "Messaging without detection successfully executed.", source: https://cmp.parkers.co.uk/unified/wrapperMessagingWithoutDetection.js (1)
[0325/051033.230:INFO:CONSOLE:692] "[event] onSPReady [object Arguments]", source: https://www.parkers.co.uk/car-valuation/ (692)
[0325/051033.231:INFO:CONSOLE:689] "[event] onMessageReceiveData [object Arguments]", source: https://www.parkers.co.uk/car-valuation/ (689)
[0325/051033.232:INFO:CONSOLE:701] "[event] onConsentReady [object Arguments]", source: https://www.parkers.co.uk/car-valuation/ (701)
[0325/051033.233:INFO:CONSOLE:689] "[event] onMessageReceiveData [object Arguments]", source: https://www.parkers.co.uk/car-valuation/ (689)
[0325/051033.233:INFO:CONSOLE:701] "[event] onConsentReady [object Arguments]", source: https://www.parkers.co.uk/car-valuation/ (701)
[0325/051033.234:INFO:CONSOLE:597] "CMP: No region applies", source: https://www.parkers.co.uk/car-valuation/ (597)
[0325/051033.234:INFO:CONSOLE:598] "CMP: Consented vendor ids - ["5f1aada6b8e05c306c0597d7","622b1a2a293cdf2be28075f2","5f369a02b8e05c2f2d546a40","5f8036e6145f6b2baf93e3d6"]", source: https://www.parkers.co.uk/car-valuation/ (598)
[0325/051033.234:INFO:CONSOLE:2] "Consent data: [object Object]", source: https://parkers-assets.bauersecure.com/js/parkers.common.aa45c23f9a5ba5f443eb.min.js (2)
[0325/051033.235:INFO:CONSOLE:2] "DFP: Initialising ad script - after 3.629s", source: https://parkers-assets.bauersecure.com/js/parkers.common.aa45c23f9a5ba5f443eb.min.js (2)
[0325/051033.235:INFO:CONSOLE:2] "DFP: Add sticky mpu scene", source: https://parkers-assets.bauersecure.com/js/parkers.common.aa45c23f9a5ba5f443eb.min.js (2)
[0325/051033.237:INFO:CONSOLE:2] "DFP: Add sticky inline leaderboard scene", source: https://parkers-assets.bauersecure.com/js/parkers.common.aa45c23f9a5ba5f443eb.min.js (2)
[0325/051033.238:INFO:CONSOLE:2] "Admiral: Set value {templateName, Templates.CarValuationsLanding}", source: https://parkers-assets.bauersecure.com/js/parkers.common.aa45c23f9a5ba5f443eb.min.js (2)
[0325/051033.238:INFO:CONSOLE:2] "Admiral: Set value {isAffiliate, false}", source: https://parkers-assets.bauersecure.com/js/parkers.common.aa45c23f9a5ba5f443eb.min.js (2)
[0325/051033.248:INFO:CONSOLE:2] "Permutive consent has been granted - data will be collected", source: https://parkers-assets.bauersecure.com/js/parkers.common.aa45c23f9a5ba5f443eb.min.js (2)
[0325/051033.249:INFO:CONSOLE:2] "Media consumption data available.", source: https://parkers-assets.bauersecure.com/js/parkers.common.aa45c23f9a5ba5f443eb.min.js (2)
[0325/051033.251:INFO:CONSOLE:2] "Covatic notified: consent granted.", source: https://parkers-assets.bauersecure.com/js/parkers.common.aa45c23f9a5ba5f443eb.min.js (2)
[0325/051033.255:INFO:CONSOLE:2] "Covatic SDK is ready.", source: https://parkers-assets.bauersecure.com/js/parkers.common.aa45c23f9a5ba5f443eb.min.js (2)
[0325/051033.256:INFO:CONSOLE:2] "Covatic subscription level notified", source: https://parkers-assets.bauersecure.com/js/parkers.common.aa45c23f9a5ba5f443eb.min.js (2)
[0325/051033.256:INFO:CONSOLE:2] "Media consumption notified.", source: https://parkers-assets.bauersecure.com/js/parkers.common.aa45c23f9a5ba5f443eb.min.js (2)
[0325/051033.257:INFO:CONSOLE:2] "Covatic - Storage not ready (consent not given or storage not initialized), skipping cache clear", source: https://browser.covatic.io/sdk/v1/bauer.js (2)
[0325/051033.257:INFO:CONSOLE:2] "AudienceProfiles: ,9999", source: https://parkers-assets.bauersecure.com/js/parkers.common.aa45c23f9a5ba5f443eb.min.js (2)
[0325/051033.257:INFO:CONSOLE:2] "AudienceProfiles stored in localStorage.", source: https://parkers-assets.bauersecure.com/js/parkers.common.aa45c23f9a5ba5f443eb.min.js (2)
[0325/051033.267:INFO:CONSOLE:1] "interaction complete", source: https://cmp.parkers.co.uk/unified/wrapperMessagingWithoutDetection.js (1)
[0325/051033.709:INFO:CONSOLE:0] "Access to fetch at 'https://api.rlcdn.com/api/identity/envelope?pid=13956' from origin 'https://www.parkers.co.uk' has been blocked by CORS policy: No 'Access-Control-Allow-Origin' header is present on the requested resource.", source: https://www.parkers.co.uk/car-valuation/ (0)
[0325/051034.595:INFO:CONSOLE:2] "DFP: Starting initial slot definition - after 4.989s", source: https://parkers-assets.bauersecure.com/js/parkers.common.aa45c23f9a5ba5f443eb.min.js (2)
[0325/051034.595:INFO:CONSOLE:2] "DFP: Defining leaderboard-1", source: https://parkers-assets.bauersecure.com/js/parkers.common.aa45c23f9a5ba5f443eb.min.js (2)
[0325/051034.595:INFO:CONSOLE:2] "DFP: Defining mpu-1", source: https://parkers-assets.bauersecure.com/js/parkers.common.aa45c23f9a5ba5f443eb.min.js (2)
[0325/051034.597:INFO:CONSOLE:2] "DFP: Defining mpu-2", source: https://parkers-assets.bauersecure.com/js/parkers.common.aa45c23f9a5ba5f443eb.min.js (2)
[0325/051034.597:INFO:CONSOLE:2] "DFP: Defining inline-footer", source: https://parkers-assets.bauersecure.com/js/parkers.common.aa45c23f9a5ba5f443eb.min.js (2)
[0325/051034.597:INFO:CONSOLE:2] "DFP: Defining sticky_ad_bottom", source: https://parkers-assets.bauersecure.com/js/parkers.common.aa45c23f9a5ba5f443eb.min.js (2)
[0325/051034.597:INFO:CONSOLE:2] "DFP: Defining overlay", source: https://parkers-assets.bauersecure.com/js/parkers.common.aa45c23f9a5ba5f443eb.min.js (2)
[0325/051034.599:INFO:CONSOLE:51] "[GPT] Invalid arguments: PubAdsService.setTargeting('postcode', null).
https://goo.gle/gpt-message#96", source: https://wtr9s3nm5aoouaabz.ay.delivery/client-v2.js (51)
[0325/051034.600:INFO:CONSOLE:2] "DFP: Targetting set - after 4.994s", source: https://parkers-assets.bauersecure.com/js/parkers.common.aa45c23f9a5ba5f443eb.min.js (2)
[0325/051034.600:INFO:CONSOLE:2] "GTM data layer push,[object Object]", source: https://parkers-assets.bauersecure.com/js/parkers.common.aa45c23f9a5ba5f443eb.min.js (2)
[0325/051034.603:INFO:CONSOLE:2] "DFP: Provider timeout", source: https://parkers-assets.bauersecure.com/js/parkers.common.aa45c23f9a5ba5f443eb.min.js (2)
[0325/051034.603:INFO:CONSOLE:2] "DFP: Load initial ads - after 4.998s", source: https://parkers-assets.bauersecure.com/js/parkers.common.aa45c23f9a5ba5f443eb.min.js (2)
[0325/051034.605:INFO:CONSOLE:2] "DFP: Defined initial slots - after 4.999s", source: https://parkers-assets.bauersecure.com/js/parkers.common.aa45c23f9a5ba5f443eb.min.js (2)
[0325/051034.651:INFO:CONSOLE:2] "Covatic - Storage not ready (consent not given or storage not initialized), skipping cache clear", source: https://browser.covatic.io/sdk/v1/bauer.js (2)
[0325/051035.148:INFO:CONSOLE:2] "DFP: slotRenderEnded fired for slot overlay__ayManagerEnv__1_wfMJD3XE with no size information - after 5.542s", source: https://parkers-assets.bauersecure.com/js/parkers.common.aa45c23f9a5ba5f443eb.min.js (2)
[0325/051035.734:INFO:CONSOLE:51] "Error: Request failed with status code 400", source: https://wtr9s3nm5aoouaabz.ay.delivery/client-v2.js (51)
[0325/051036.168:INFO:CONSOLE:51] "Error: Request failed with status code 400", source: https://wtr9s3nm5aoouaabz.ay.delivery/client-v2.js (51)
[0325/051036.169:INFO:CONSOLE:2] "Covatic - Storage not ready (consent not given or storage not initialized), skipping cache clear", source: https://browser.covatic.io/sdk/v1/bauer.js (2)
[0325/051036.169:INFO:CONSOLE:2] "Covatic - Storage not ready (consent not given or storage not initialized), skipping cache clear", source: https://browser.covatic.io/sdk/v1/bauer.js (2)
[0325/051036.648:INFO:CONSOLE:51] "Error: Request failed with status code 400", source: https://wtr9s3nm5aoouaabz.ay.delivery/client-v2.js (51)
[0325/051036.830:INFO:CONSOLE:7] "An iframe which has both allow-scripts and allow-same-origin for its sandbox attribute can escape its sandboxing.", source: https://rlydxkgpcnsjtyqlf.ay.delivery/manager-script/yield-manager-script-v3.10.0-prod (7)
[0325/051036.879:INFO:CONSOLE:2] "DFP: slotOnload fired for slot leaderboard-1__ayManagerEnv__1_sDRn9FDp - after 7.274s", source: https://parkers-assets.bauersecure.com/js/parkers.common.aa45c23f9a5ba5f443eb.min.js (2)
[0325/051036.901:INFO:CONSOLE:2] "DFP: slotRenderEnded fired for slot leaderboard-1__ayManagerEnv__1_sDRn9FDp with no size information - after 7.295s", source: https://parkers-assets.bauersecure.com/js/parkers.common.aa45c23f9a5ba5f443eb.min.js (2)
[0325/051036.932:INFO:CONSOLE:7] "An iframe which has both allow-scripts and allow-same-origin for its sandbox attribute can escape its sandboxing.", source: https://rlydxkgpcnsjtyqlf.ay.delivery/manager-script/yield-manager-script-v3.10.0-prod (7)
[0325/051036.951:INFO:CONSOLE:2] "DFP: slotOnload fired for slot mpu-1__ayManagerEnv__1_ecMckKJ2 - after 7.345s", source: https://parkers-assets.bauersecure.com/js/parkers.common.aa45c23f9a5ba5f443eb.min.js (2)
[0325/051036.960:INFO:CONSOLE:2] "DFP: slotRenderEnded fired for slot mpu-1__ayManagerEnv__1_ecMckKJ2 with no size information - after 7.354s", source: https://parkers-assets.bauersecure.com/js/parkers.common.aa45c23f9a5ba5f443eb.min.js (2)
[0325/051037.269:INFO:CONSOLE:1] "[PPID PATCH] setPublisherProvidedId patched", source: https://static.anonymised.io/light/loader.js?ref=ay (1)
[0325/051037.269:INFO:CONSOLE:1] "[REFRESH PATCH] pubads.refresh patched", source: https://static.anonymised.io/light/loader.js?ref=ay (1)
[0325/051038.009:INFO:CONSOLE:2] "DFP: impressionViewable fired for slot leaderboard-1__ayManagerEnv__1_sDRn9FDp - after 8.403s", source: https://parkers-assets.bauersecure.com/js/parkers.common.aa45c23f9a5ba5f443eb.min.js (2)
[0325/051038.132:INFO:CONSOLE:2] "DFP: impressionViewable fired for slot mpu-1__ayManagerEnv__1_ecMckKJ2 - after 8.526s", source: https://parkers-assets.bauersecure.com/js/parkers.common.aa45c23f9a5ba5f443eb.min.js (2)
[0325/051038.877:INFO:CONSOLE:51] "Anonymised tag: Unset or used incorrect value of the cmp-provider:'undefined'. 
        The default TCFv2 API will be used", source: https://wtr9s3nm5aoouaabz.ay.delivery/client-v2.js (51)
[0325/051039.101:INFO:CONSOLE:7] "AuthModule initialized", source: https://cdn1.anonymised.io/light/auth.js?v=1.8.51 (7)
[0325/051039.305:INFO:CONSOLE:10] "Starting 3pc test", source: https://static.anonm.io/light/check3pc.html (10)
[0325/051039.307:INFO:CONSOLE:33] "3PC enabled: true", source: https://static.anonm.io/light/check3pc.html (33)
[0325/051039.307:INFO:CONSOLE:16] "Storage API: cookie access granted", source: https://static.anonm.io/light/check3pc.html (16)
[0325/051040.718:INFO:CONSOLE:1] "[PPID PATCH] Injecting PPID [object Object]", source: https://static.anonymised.io/light/loader.js?ref=ay (1)
[0325/051043.790:INFO:CONSOLE:323] "Init: Window loaded", source: https://www.parkers.co.uk/car-valuation/ (323)
[0325/051045.252:INFO:CONSOLE:51] "Anonymised tag: GPT Targeting is enabled but the AD request does not include anonymised segments", source: https://wtr9s3nm5aoouaabz.ay.delivery/client-v2.js (51)
[0325/051045.908:INFO:CONSOLE:51] "Anonymised tag: GPT Targeting is enabled but the AD request does not include anonymised segments", source: https://wtr9s3nm5aoouaabz.ay.delivery/client-v2.js (51)
[0325/051046.015:INFO:CONSOLE:51] "Anonymised tag: GPT Targeting is enabled but the AD request does not include anonymised segments", source: https://wtr9s3nm5aoouaabz.ay.delivery/client-v2.js (51)
[0325/051056.545:INFO:CONSOLE:1] "[REFRESH PATCH] Injecting targeting [object Object]", source: https://static.anonymised.io/light/loader.js?ref=ay (1)
[0325/051056.954:INFO:CONSOLE:7] "An iframe which has both allow-scripts and allow-same-origin for its sandbox attribute can escape its sandboxing.", source: https://rlydxkgpcnsjtyqlf.ay.delivery/manager-script/yield-manager-script-v3.10.0-prod (7)
[0325/051056.993:INFO:CONSOLE:2] "DFP: slotOnload fired for slot leaderboard-1__ayManagerEnv__1_sDRn9FDp - after 27.389s", source: https://parkers-assets.bauersecure.com/js/parkers.common.aa45c23f9a5ba5f443eb.min.js (2)
[0325/051057.008:INFO:CONSOLE:2] "DFP: slotRenderEnded fired for slot leaderboard-1__ayManagerEnv__1_sDRn9FDp with no size information - after 27.402s", source: https://parkers-assets.bauersecure.com/js/parkers.common.aa45c23f9a5ba5f443eb.min.js (2)
[0325/051057.031:INFO:CONSOLE:7] "An iframe which has both allow-scripts and allow-same-origin for its sandbox attribute can escape its sandboxing.", source: https://rlydxkgpcnsjtyqlf.ay.delivery/manager-script/yield-manager-script-v3.10.0-prod (7)
[0325/051057.069:INFO:CONSOLE:2] "DFP: slotOnload fired for slot mpu-1__ayManagerEnv__1_ecMckKJ2 - after 27.463s", source: https://parkers-assets.bauersecure.com/js/parkers.common.aa45c23f9a5ba5f443eb.min.js (2)
[0325/051057.075:INFO:CONSOLE:2] "DFP: slotRenderEnded fired for slot mpu-1__ayManagerEnv__1_ecMckKJ2 with no size information - after 27.469s", source: https://parkers-assets.bauersecure.com/js/parkers.common.aa45c23f9a5ba5f443eb.min.js (2)
[0325/051058.124:INFO:CONSOLE:2] "DFP: impressionViewable fired for slot leaderboard-1__ayManagerEnv__1_sDRn9FDp - after 28.518s", source: https://parkers-assets.bauersecure.com/js/parkers.common.aa45c23f9a5ba5f443eb.min.js (2)
[0325/051058.135:INFO:CONSOLE:2] "DFP: impressionViewable fired for slot mpu-1__ayManagerEnv__1_ecMckKJ2 - after 28.529s", source: https://parkers-assets.bauersecure.com/js/parkers.common.aa45c23f9a5ba5f443eb.min.js (2)
[0325/051107.168:INFO:CONSOLE:2] "[VRM-LOOKUP] Form Submitted,[object Object]", source: https://parkers-assets.bauersecure.com/js/parkers.common.aa45c23f9a5ba5f443eb.min.js (2)
[0325/051107.702:INFO:CONSOLE:2] "[VRM-LOOKUP] reCAPTCHA v3 Verified,[object Object]", source: https://parkers-assets.bauersecure.com/js/parkers.common.aa45c23f9a5ba5f443eb.min.js (2)
[0325/051107.702:INFO:CONSOLE:2] "[VRM-LOOKUP] Looking up VRM,[object Object]", source: https://parkers-assets.bauersecure.com/js/parkers.common.aa45c23f9a5ba5f443eb.min.js (2)
[0325/051107.702:INFO:CONSOLE:2] "VRM lookup,[object Object]", source: https://parkers-assets.bauersecure.com/js/parkers.common.aa45c23f9a5ba5f443eb.min.js (2)
[0325/051107.703:INFO:CONSOLE:2] "Flux Dispatcher,[object Object]", source: https://parkers-assets.bauersecure.com/js/parkers.common.aa45c23f9a5ba5f443eb.min.js (2)
[0325/051107.705:INFO:CONSOLE:2] "Taxonomy Selector,[object Object]", source: https://parkers-assets.bauersecure.com/js/parkers.common.aa45c23f9a5ba5f443eb.min.js (2)
[0325/051107.705:INFO:CONSOLE:2] "VRM lookup,[object Object]", source: https://parkers-assets.bauersecure.com/js/parkers.common.aa45c23f9a5ba5f443eb.min.js (2)
[0325/051107.705:INFO:CONSOLE:2] "[VRM-LOOKUP] Store Changed,[object Object]", source: https://parkers-assets.bauersecure.com/js/parkers.common.aa45c23f9a5ba5f443eb.min.js (2)
[0325/051107.707:INFO:CONSOLE:2] "[VRM-LOOKUP] Rendering normal view layout", source: https://parkers-assets.bauersecure.com/js/parkers.common.aa45c23f9a5ba5f443eb.min.js (2)
[0325/051107.708:INFO:CONSOLE:2] "[VRM-LOOKUP] Component Updated,[object Object]", source: https://parkers-assets.bauersecure.com/js/parkers.common.aa45c23f9a5ba5f443eb.min.js (2)
[0325/051108.000:INFO:CONSOLE:2] "Parkers API call successful", source: https://parkers-assets.bauersecure.com/js/parkers.common.aa45c23f9a5ba5f443eb.min.js (2)
[0325/051108.000:INFO:CONSOLE:2] "VRM lookup,[object Object]", source: https://parkers-assets.bauersecure.com/js/parkers.common.aa45c23f9a5ba5f443eb.min.js (2)
[0325/051108.002:INFO:CONSOLE:2] "Flux Dispatcher,[object Object]", source: https://parkers-assets.bauersecure.com/js/parkers.common.aa45c23f9a5ba5f443eb.min.js (2)
[0325/051108.002:INFO:CONSOLE:2] "Taxonomy Selector,[object Object]", source: https://parkers-assets.bauersecure.com/js/parkers.common.aa45c23f9a5ba5f443eb.min.js (2)
[0325/051108.002:INFO:CONSOLE:2] "VRM lookup,[object Object]", source: https://parkers-assets.bauersecure.com/js/parkers.common.aa45c23f9a5ba5f443eb.min.js (2)
[0325/051108.002:INFO:CONSOLE:2] "[VRM-LOOKUP] Store Changed,[object Object]", source: https://parkers-assets.bauersecure.com/js/parkers.common.aa45c23f9a5ba5f443eb.min.js (2)
[0325/051108.003:INFO:CONSOLE:2] "[VRM-LOOKUP] Rendering normal view layout", source: https://parkers-assets.bauersecure.com/js/parkers.common.aa45c23f9a5ba5f443eb.min.js (2)
[0325/051108.003:INFO:CONSOLE:2] "[VRM-LOOKUP] Component Updated,[object Object]", source: https://parkers-assets.bauersecure.com/js/parkers.common.aa45c23f9a5ba5f443eb.min.js (2)
[0325/051108.011:INFO:CONSOLE:2] "GTM data layer push,[object Object]", source: https://parkers-assets.bauersecure.com/js/parkers.common.aa45c23f9a5ba5f443eb.min.js (2)
[0325/051108.033:INFO:CONSOLE:2] "[VRM-LOOKUP] Storing VRM Data,[object Object]", source: https://parkers-assets.bauersecure.com/js/parkers.common.aa45c23f9a5ba5f443eb.min.js (2)
[0325/051108.110:INFO:CONSOLE:49] "
                         _                          _       _   _
                        | |                        | |     | | (_)
  __ _  ___   ___   __ _| | ___    __ _ _ __   __ _| |_   _| |_ _  ___ ___
 / _` |/ _ \ / _ \ / _` | |/ _ \  / _` | '_ \ / _` | | | | | __| |/ __/ __|
| (_| | (_) | (_) | (_| | |  __/ | (_| | | | | (_| | | |_| | |_| | (__\__ \
 \__, |\___/ \___/ \__, |_|\___|  \__,_|_| |_|\__,_|_|\__, |\__|_|\___|___/
  __/ |             __/ |                              __/ |
 |___/             |___/                              |___/
", source: https://www.google-analytics.com/u/analytics_debug.js (49)
[0325/051108.110:INFO:CONSOLE:51] "Running analytics_debug.js. This script is intended for testing and debugging only.", source: https://wtr9s3nm5aoouaabz.ay.delivery/client-v2.js (51)
[0325/051108.110:INFO:CONSOLE:49] "Initializing Google Analytics.", source: https://www.google-analytics.com/u/analytics_debug.js (49)
[0325/051108.111:INFO:CONSOLE:49] "Running command: ga("create", "UA-10756961-1", {_cs: [function], cookieDomain: "parkers.co.uk", name: "gtm35", storeGac: false})", source: https://www.google-analytics.com/u/analytics_debug.js (49)
[0325/051108.112:INFO:CONSOLE:49] "Creating new tracker: gtm35", source: https://www.google-analytics.com/u/analytics_debug.js (49)
[0325/051108.115:INFO:CONSOLE:49] "Generating new gid", source: https://www.google-analytics.com/u/analytics_debug.js (49)
[0325/051108.119:INFO:CONSOLE:49] "Running command: ga("gtm35.set", {&gtm: "45He63n1n71WM34QHv71673041za200zd71673041", nonInteraction: false, allowAdPersonalizationSignals: false, hitCallback: [function], &gcs: "G101", &gcd: "13p3t3p3p5l1", allowAdFeatures: false, &dma_cps: "-", &dma: "0", &tcfd: "1065o", &tag_exp: "103116026~103200004~115938465~115938468~116024733~117484252"})", source: https://www.google-analytics.com/u/analytics_debug.js (49)
[0325/051108.120:INFO:CONSOLE:49] "Running command: ga("gtm35.send", {hitType: "event", eventCategory: "VRM Lookup", eventAction: "Successful VRM Lookup", eventLabel: "Valuation Landing"})", source: https://www.google-analytics.com/u/analytics_debug.js (49)
[0325/051108.122:INFO:CONSOLE:49] "
Sent beacon:
v=1&_v=j102d&a=869674812&t=event&ni=0&_s=1&dl=https%3A%2F%2Fwww.parkers.co.uk%2Fcar-valuation%2F&ul=en-gb&dt=Free%20Car%20Valuation%20%7C%20How%20much%20is%20my%20car%20worth%3F&sr=1920x1080&vp=1920x1080&ec=VRM%20Lookup&ea=Successful%20VRM%20Lookup&el=Valuation%20Landing&_u=YADAAAABAAAAICAAIg~&cid=1388983226.1774397435&tid=UA-10756961-1&_gid=1955619274.1774397468&_slc=1&gtm=45He63n1n71WM34QHv71673041za200zd71673041&gcs=G101&gcd=13p3t3p3p5l1&dma_cps=-&dma=0&tcfd=1065o&tag_exp=103116026~103200004~115938465~115938468~116024733~117484252&npa=1&z=605015341

", source: https://www.google-analytics.com/u/analytics_debug.js (49)
[0325/051108.124:INFO:CONSOLE:49] "<unknown>        (&dma)     0", source: https://www.google-analytics.com/u/analytics_debug.js (49)
[0325/051108.124:INFO:CONSOLE:49] "<unknown>        (&dma_cps) -", source: https://www.google-analytics.com/u/analytics_debug.js (49)
[0325/051108.124:INFO:CONSOLE:49] "<unknown>        (&gcd)     13p3t3p3p5l1", source: https://www.google-analytics.com/u/analytics_debug.js (49)
[0325/051108.124:INFO:CONSOLE:49] "<unknown>        (&gcs)     G101", source: https://www.google-analytics.com/u/analytics_debug.js (49)
[0325/051108.124:INFO:CONSOLE:49] "<unknown>        (&gtm)     45He63n1n71WM34QHv71673041za200zd71673041", source: https://www.google-analytics.com/u/analytics_debug.js (49)
[0325/051108.126:INFO:CONSOLE:49] "<unknown>        (&tag_exp) 103116026~103200004~115938465~115938468~116024733~117484252", source: https://www.google-analytics.com/u/analytics_debug.js (49)
[0325/051108.126:INFO:CONSOLE:49] "<unknown>        (&tcfd)    1065o", source: https://www.google-analytics.com/u/analytics_debug.js (49)
[0325/051108.126:INFO:CONSOLE:49] "adSenseId        (&a)       869674812", source: https://www.google-analytics.com/u/analytics_debug.js (49)
[0325/051108.126:INFO:CONSOLE:49] "apiVersion       (&v)       1", source: https://www.google-analytics.com/u/analytics_debug.js (49)
[0325/051108.126:INFO:CONSOLE:49] "clientId         (&cid)     1388983226.1774397435", source: https://www.google-analytics.com/u/analytics_debug.js (49)
[0325/051108.126:INFO:CONSOLE:49] "eventAction      (&ea)      Successful VRM Lookup", source: https://www.google-analytics.com/u/analytics_debug.js (49)
[0325/051108.126:INFO:CONSOLE:49] "eventCategory    (&ec)      VRM Lookup", source: https://www.google-analytics.com/u/analytics_debug.js (49)
[0325/051108.126:INFO:CONSOLE:49] "eventLabel       (&el)      Valuation Landing", source: https://www.google-analytics.com/u/analytics_debug.js (49)
[0325/051108.126:INFO:CONSOLE:49] "hitType          (&t)       event", source: https://www.google-analytics.com/u/analytics_debug.js (49)
[0325/051108.126:INFO:CONSOLE:49] "language         (&ul)      en-gb", source: https://www.google-analytics.com/u/analytics_debug.js (49)
[0325/051108.126:INFO:CONSOLE:49] "location         (&dl)      https://www.parkers.co.uk/car-valuation/", source: https://www.google-analytics.com/u/analytics_debug.js (49)
[0325/051108.126:INFO:CONSOLE:49] "nonInteraction   (&ni)      0", source: https://www.google-analytics.com/u/analytics_debug.js (49)
[0325/051108.126:INFO:CONSOLE:49] "screenResolution (&sr)      1920x1080", source: https://www.google-analytics.com/u/analytics_debug.js (49)
[0325/051108.127:INFO:CONSOLE:49] "title            (&dt)      Free Car Valuation | How much is my car worth?", source: https://www.google-analytics.com/u/analytics_debug.js (49)
[0325/051108.127:INFO:CONSOLE:49] "trackingId       (&tid)     UA-10756961-1", source: https://www.google-analytics.com/u/analytics_debug.js (49)
[0325/051108.127:INFO:CONSOLE:49] "viewportSize     (&vp)      1920x1080", source: https://www.google-analytics.com/u/analytics_debug.js (49)
[0325/051108.127:INFO:CONSOLE:49] "Registered new plugin: ga(provide, "render", Function)", source: https://www.google-analytics.com/u/analytics_debug.js (49)
[0325/051108.229:INFO:CONSOLE:2] "Parkers API call complete", source: https://parkers-assets.bauersecure.com/js/parkers.common.aa45c23f9a5ba5f443eb.min.js (2)
[0325/051108.717:INFO:CONSOLE:7] "Page Start", source: https://www.parkers.co.uk/car-valuation/confirm/a123bcd/ (7)
[0325/051108.720:INFO:CONSOLE:285] "Init: Injected script "https://cdnjs.cloudflare.com/ajax/libs/jquery/3.6.0/jquery.min.js" async=true", source: https://www.parkers.co.uk/car-valuation/confirm/a123bcd/ (285)
[0325/051108.720:INFO:CONSOLE:285] "Init: Injected script "https://cse.google.com/cse.js?cx=partner-pub-0732974847509699:4633199368" async=true", source: https://www.parkers.co.uk/car-valuation/confirm/a123bcd/ (285)
[0325/051109.253:INFO:CONSOLE:1751] "Adblocker enabled: false", source: https://www.parkers.co.uk/car-valuation/confirm/a123bcd/ (1751)
[0325/051109.311:INFO:CONSOLE:51] "No gallery container found.", source: https://wtr9s3nm5aoouaabz.ay.delivery/client-v2.js (51)
[0325/051109.340:INFO:CONSOLE:335] "Init: Document ready", source: https://www.parkers.co.uk/car-valuation/confirm/a123bcd/ (335)
[0325/051109.342:INFO:CONSOLE:285] "Init: Injected script "https://cdnjs.cloudflare.com/ajax/libs/foundation/5.5.3/js/foundation.min.js" async=true", source: https://www.parkers.co.uk/car-valuation/confirm/a123bcd/ (285)
[0325/051109.477:INFO:CONSOLE:1] "Messaging without detection successfully executed.", source: https://cmp.parkers.co.uk/unified/wrapperMessagingWithoutDetection.js (1)
[0325/051109.485:INFO:CONSOLE:707] "[event] onSPReady [object Arguments]", source: https://www.parkers.co.uk/car-valuation/confirm/a123bcd/ (707)
[0325/051109.485:INFO:CONSOLE:704] "[event] onMessageReceiveData [object Arguments]", source: https://www.parkers.co.uk/car-valuation/confirm/a123bcd/ (704)
[0325/051109.486:INFO:CONSOLE:716] "[event] onConsentReady [object Arguments]", source: https://www.parkers.co.uk/car-valuation/confirm/a123bcd/ (716)
[0325/051109.486:INFO:CONSOLE:704] "[event] onMessageReceiveData [object Arguments]", source: https://www.parkers.co.uk/car-valuation/confirm/a123bcd/ (704)
[0325/051109.486:INFO:CONSOLE:716] "[event] onConsentReady [object Arguments]", source: https://www.parkers.co.uk/car-valuation/confirm/a123bcd/ (716)
[0325/051109.486:INFO:CONSOLE:612] "CMP: No region applies", source: https://www.parkers.co.uk/car-valuation/confirm/a123bcd/ (612)
[0325/051109.486:INFO:CONSOLE:613] "CMP: Consented vendor ids - ["5f1aada6b8e05c306c0597d7","622b1a2a293cdf2be28075f2","5f369a02b8e05c2f2d546a40","5f8036e6145f6b2baf93e3d6"]", source: https://www.parkers.co.uk/car-valuation/confirm/a123bcd/ (613)
[0325/051109.488:INFO:CONSOLE:1] "interaction complete", source: https://cmp.parkers.co.uk/unified/wrapperMessagingWithoutDetection.js (1)
[0325/051109.761:INFO:CONSOLE:285] "Init: Injected script "https://cdnjs.cloudflare.com/ajax/libs/modernizr/2.8.3/modernizr.min.js" async=true", source: https://www.parkers.co.uk/car-valuation/confirm/a123bcd/ (285)
[0325/051109.817:INFO:CONSOLE:285] "Init: Injected script "https://cdnjs.cloudflare.com/ajax/libs/react/0.14.9/react.min.js" async=true", source: https://www.parkers.co.uk/car-valuation/confirm/a123bcd/ (285)
[0325/051109.848:INFO:CONSOLE:285] "Init: Injected script "https://parkers-assets.bauersecure.com/js/parkers.common.aa45c23f9a5ba5f443eb.min.js" async=true", source: https://www.parkers.co.uk/car-valuation/confirm/a123bcd/ (285)
[0325/051109.904:INFO:CONSOLE:285] "Init: Injected script "https://parkers-assets.bauersecure.com/js/car_valuation_confirmation_page_entry.123d9966e4b4aa3ad5f2.min.js" async=true", source: https://www.parkers.co.uk/car-valuation/confirm/a123bcd/ (285)
[0325/051109.924:INFO:CONSOLE:2] "Parkers config,[object Object]", source: https://parkers-assets.bauersecure.com/js/parkers.common.aa45c23f9a5ba5f443eb.min.js (2)
[0325/051109.951:INFO:CONSOLE:2] "Initialising page - after 1.234s", source: https://parkers-assets.bauersecure.com/js/parkers.common.aa45c23f9a5ba5f443eb.min.js (2)
[0325/051109.952:INFO:CONSOLE:2] "Consent data: [object Object]", source: https://parkers-assets.bauersecure.com/js/parkers.common.aa45c23f9a5ba5f443eb.min.js (2)
[0325/051109.952:INFO:CONSOLE:2] "DFP: Initialising ad script - after 1.235s", source: https://parkers-assets.bauersecure.com/js/parkers.common.aa45c23f9a5ba5f443eb.min.js (2)
[0325/051109.954:INFO:CONSOLE:2] "DFP: Add sticky mpu scene", source: https://parkers-assets.bauersecure.com/js/parkers.common.aa45c23f9a5ba5f443eb.min.js (2)
[0325/051109.955:INFO:CONSOLE:2] "DFP: Add sticky inline leaderboard scene", source: https://parkers-assets.bauersecure.com/js/parkers.common.aa45c23f9a5ba5f443eb.min.js (2)
[0325/051109.958:INFO:CONSOLE:2] "DFP: Starting initial slot definition - after 1.239s", source: https://parkers-assets.bauersecure.com/js/parkers.common.aa45c23f9a5ba5f443eb.min.js (2)
[0325/051109.958:INFO:CONSOLE:2] "DFP: Defining leaderboard-1", source: https://parkers-assets.bauersecure.com/js/parkers.common.aa45c23f9a5ba5f443eb.min.js (2)
[0325/051109.959:INFO:CONSOLE:2] "DFP: Defining mpu-1", source: https://parkers-assets.bauersecure.com/js/parkers.common.aa45c23f9a5ba5f443eb.min.js (2)
[0325/051109.960:INFO:CONSOLE:2] "DFP: Defining inline-footer", source: https://parkers-assets.bauersecure.com/js/parkers.common.aa45c23f9a5ba5f443eb.min.js (2)
[0325/051109.960:INFO:CONSOLE:2] "DFP: Defining sticky_ad_bottom", source: https://parkers-assets.bauersecure.com/js/parkers.common.aa45c23f9a5ba5f443eb.min.js (2)
[0325/051109.960:INFO:CONSOLE:2] "DFP: Defining overlay", source: https://parkers-assets.bauersecure.com/js/parkers.common.aa45c23f9a5ba5f443eb.min.js (2)
[0325/051109.963:INFO:CONSOLE:51] "[GPT] Invalid arguments: PubAdsService.setTargeting('postcode', null).
https://goo.gle/gpt-message#96", source: https://wtr9s3nm5aoouaabz.ay.delivery/client-v2.js (51)
[0325/051109.964:INFO:CONSOLE:2] "DFP: Targetting set - after 1.246s", source: https://parkers-assets.bauersecure.com/js/parkers.common.aa45c23f9a5ba5f443eb.min.js (2)
[0325/051109.964:INFO:CONSOLE:2] "GTM data layer push,[object Object]", source: https://parkers-assets.bauersecure.com/js/parkers.common.aa45c23f9a5ba5f443eb.min.js (2)
[0325/051109.965:INFO:CONSOLE:2] "DFP: Provider timeout", source: https://parkers-assets.bauersecure.com/js/parkers.common.aa45c23f9a5ba5f443eb.min.js (2)
[0325/051109.965:INFO:CONSOLE:2] "DFP: Load initial ads - after 1.248s", source: https://parkers-assets.bauersecure.com/js/parkers.common.aa45c23f9a5ba5f443eb.min.js (2)
[0325/051109.967:INFO:CONSOLE:2] "DFP: Defined initial slots - after 1.249s", source: https://parkers-assets.bauersecure.com/js/parkers.common.aa45c23f9a5ba5f443eb.min.js (2)
[0325/051109.968:INFO:CONSOLE:2] "Admiral: Set value {templateName, Templates.CarValuationConfirmationPage}", source: https://parkers-assets.bauersecure.com/js/parkers.common.aa45c23f9a5ba5f443eb.min.js (2)
[0325/051109.968:INFO:CONSOLE:2] "Admiral: Set value {isAffiliate, false}", source: https://parkers-assets.bauersecure.com/js/parkers.common.aa45c23f9a5ba5f443eb.min.js (2)
[0325/051109.973:INFO:CONSOLE:2] "Permutive consent has been granted - data will be collected", source: https://parkers-assets.bauersecure.com/js/parkers.common.aa45c23f9a5ba5f443eb.min.js (2)
[0325/051109.973:INFO:CONSOLE:2] "Media consumption data available.", source: https://parkers-assets.bauersecure.com/js/parkers.common.aa45c23f9a5ba5f443eb.min.js (2)
[0325/051109.974:INFO:CONSOLE:2] "Covatic notified: consent granted.", source: https://parkers-assets.bauersecure.com/js/parkers.common.aa45c23f9a5ba5f443eb.min.js (2)
[0325/051109.976:INFO:CONSOLE:2] "Covatic SDK is ready.", source: https://parkers-assets.bauersecure.com/js/parkers.common.aa45c23f9a5ba5f443eb.min.js (2)
[0325/051109.978:INFO:CONSOLE:2] "Covatic subscription level notified", source: https://parkers-assets.bauersecure.com/js/parkers.common.aa45c23f9a5ba5f443eb.min.js (2)
[0325/051109.978:INFO:CONSOLE:2] "Media consumption notified.", source: https://parkers-assets.bauersecure.com/js/parkers.common.aa45c23f9a5ba5f443eb.min.js (2)
[0325/051109.979:INFO:CONSOLE:2] "Covatic - Storage not ready (consent not given or storage not initialized), skipping cache clear", source: https://browser.covatic.io/sdk/v1/bauer.js (2)
[0325/051109.980:INFO:CONSOLE:2] "AudienceProfiles: ,9999", source: https://parkers-assets.bauersecure.com/js/parkers.common.aa45c23f9a5ba5f443eb.min.js (2)
[0325/051109.981:INFO:CONSOLE:2] "AudienceProfiles stored in localStorage.", source: https://parkers-assets.bauersecure.com/js/parkers.common.aa45c23f9a5ba5f443eb.min.js (2)
[0325/051110.429:INFO:CONSOLE:2] "GTM data layer push,[object Object]", source: https://parkers-assets.bauersecure.com/js/parkers.common.aa45c23f9a5ba5f443eb.min.js (2)
[0325/051110.527:INFO:CONSOLE:845] "data = [object Object]", source: https://www.googletagmanager.com/gtm.js?id=GTM-WM34QH&l=bauerDataLayer&gtm_auth=aid-I-0lB9YbgOCpsoLHPg&gtm_preview=env-3&gtm_cookies_win=x (845)
[0325/051110.634:INFO:CONSOLE:1] "[GPT PATCH] Initializing googletag.setConfig patch", source: https://static.anonymised.io/light/loader.js?ref=ay (1)
[0325/051110.634:INFO:CONSOLE:1] "[GPT PATCH] googletag.setConfig successfully patched", source: https://static.anonymised.io/light/loader.js?ref=ay (1)
[0325/051110.634:INFO:CONSOLE:1] "[PPID PATCH] setPublisherProvidedId patched", source: https://static.anonymised.io/light/loader.js?ref=ay (1)
[0325/051110.634:INFO:CONSOLE:1] "[REFRESH PATCH] pubads.refresh patched", source: https://static.anonymised.io/light/loader.js?ref=ay (1)
[0325/051110.637:INFO:CONSOLE:1] "[PPID PATCH] Injecting PPID [object Object]", source: https://static.anonymised.io/light/loader.js?ref=ay (1)
[0325/051110.670:INFO:CONSOLE:2] "DFP: slotRenderEnded fired for slot overlay__ayManagerEnv__1_wfMJD3XE with no size information - after 1.952s", source: https://parkers-assets.bauersecure.com/js/parkers.common.aa45c23f9a5ba5f443eb.min.js (2)
[0325/051110.674:INFO:CONSOLE:49] "
                         _                          _       _   _
                        | |                        | |     | | (_)
  __ _  ___   ___   __ _| | ___    __ _ _ __   __ _| |_   _| |_ _  ___ ___
 / _` |/ _ \ / _ \ / _` | |/ _ \  / _` | '_ \ / _` | | | | | __| |/ __/ __|
| (_| | (_) | (_) | (_| | |  __/ | (_| | | | | (_| | | |_| | |_| | (__\__ \
 \__, |\___/ \___/ \__, |_|\___|  \__,_|_| |_|\__,_|_|\__, |\__|_|\___|___/
  __/ |             __/ |                              __/ |
 |___/             |___/                              |___/
", source: https://www.google-analytics.com/u/analytics_debug.js (49)
[0325/051110.674:INFO:CONSOLE:51] "Running analytics_debug.js. This script is intended for testing and debugging only.", source: https://wtr9s3nm5aoouaabz.ay.delivery/client-v2.js (51)
[0325/051110.674:INFO:CONSOLE:49] "Initializing Google Analytics.", source: https://www.google-analytics.com/u/analytics_debug.js (49)
[0325/051110.675:INFO:CONSOLE:51] "An existing object with the name '"ga"' found. Unexpected results can occur because of this.", source: https://wtr9s3nm5aoouaabz.ay.delivery/client-v2.js (51)
[0325/051110.675:INFO:CONSOLE:49] "Registered new plugin: ga(provide, "render", Function)", source: https://www.google-analytics.com/u/analytics_debug.js (49)
[0325/051110.865:INFO:CONSOLE:51] "Anonymised tag: Unset or used incorrect value of the cmp-provider:'undefined'. 
        The default TCFv2 API will be used", source: https://wtr9s3nm5aoouaabz.ay.delivery/client-v2.js (51)
[0325/051110.885:INFO:CONSOLE:7] "AuthModule initialized", source: https://cdn1.anonymised.io/light/auth.js?v=1.8.51 (7)
[0325/051110.930:INFO:CONSOLE:10] "Starting 3pc test", source: https://static.anonm.io/light/check3pc.html (10)
[0325/051110.931:INFO:CONSOLE:33] "3PC enabled: true", source: https://static.anonm.io/light/check3pc.html (33)
[0325/051110.932:INFO:CONSOLE:16] "Storage API: cookie access granted", source: https://static.anonm.io/light/check3pc.html (16)
[0325/051111.251:INFO:CONSOLE:1] "[GPT PATCH] Passing setConfig through [object Object]", source: https://static.anonymised.io/light/loader.js?ref=ay (1)
[0325/051111.251:INFO:CONSOLE:1] "[REFRESH PATCH] Injecting targeting [object Object]", source: https://static.anonymised.io/light/loader.js?ref=ay (1)
[0325/051111.357:INFO:CONSOLE:49] "Executing Google Analytics commands.", source: https://www.google-analytics.com/u/analytics_debug.js (49)
[0325/051111.357:INFO:CONSOLE:49] "Running command: ga("create", "UA-10756961-1", {_cs: [function], cookieDomain: "parkers.co.uk", name: "gtm22", storeGac: false})", source: https://www.google-analytics.com/u/analytics_debug.js (49)
[0325/051111.358:INFO:CONSOLE:49] "Creating new tracker: gtm22", source: https://www.google-analytics.com/u/analytics_debug.js (49)
[0325/051111.361:INFO:CONSOLE:49] "Executing Google Analytics commands.", source: https://www.google-analytics.com/u/analytics_debug.js (49)
[0325/051111.361:INFO:CONSOLE:49] "Running command: ga("gtm22.set", {&gtm: "45He63n1n71WM34QHv71673041za200zd71673041", nonInteraction: false, allowAdPersonalizationSignals: false, hitCallback: [function], &gcs: "G101", &gcd: "13p3t3p3p5l1", allowAdFeatures: false, &dma_cps: "-", &dma: "0", &tcfd: "1065o", &tag_exp: "103116026~103200004~115938465~115938469~116024733~117484252"})", source: https://www.google-analytics.com/u/analytics_debug.js (49)
[0325/051111.362:INFO:CONSOLE:49] "Executing Google Analytics commands.", source: https://www.google-analytics.com/u/analytics_debug.js (49)
[0325/051111.362:INFO:CONSOLE:49] "Running command: ga("gtm22.send", {hitType: "event", eventCategory: "Valuation purpose", eventAction: "curious", eventLabel: "Templates.CarValuationConfirmationPage"})", source: https://www.google-analytics.com/u/analytics_debug.js (49)
[0325/051111.367:INFO:CONSOLE:49] "
Sent beacon:
v=1&_v=j102d&a=219963396&t=event&ni=0&_s=1&dl=https%3A%2F%2Fwww.parkers.co.uk%2Fcar-valuation%2Fconfirm%2Fa123bcd%2F&ul=en-gb&dt=Confirm&sr=1920x1080&vp=1920x1080&ec=Valuation%20purpose&ea=curious&el=Templates.CarValuationConfirmationPage&_u=SACAAAABEAAAICAAIg~&cid=1388983226.1774397435&tid=UA-10756961-1&_gid=1955619274.1774397468&_slc=1&gtm=45He63n1n71WM34QHv71673041za200zd71673041&gcs=G101&gcd=13p3t3p3p5l1&dma_cps=-&dma=0&tcfd=1065o&tag_exp=103116026~103200004~115938465~115938469~116024733~117484252&npa=1&z=1411386258

", source: https://www.google-analytics.com/u/analytics_debug.js (49)
[0325/051111.368:INFO:CONSOLE:49] "<unknown>        (&dma)     0", source: https://www.google-analytics.com/u/analytics_debug.js (49)
[0325/051111.368:INFO:CONSOLE:49] "<unknown>        (&dma_cps) -", source: https://www.google-analytics.com/u/analytics_debug.js (49)
[0325/051111.368:INFO:CONSOLE:49] "<unknown>        (&gcd)     13p3t3p3p5l1", source: https://www.google-analytics.com/u/analytics_debug.js (49)
[0325/051111.368:INFO:CONSOLE:49] "<unknown>        (&gcs)     G101", source: https://www.google-analytics.com/u/analytics_debug.js (49)
[0325/051111.368:INFO:CONSOLE:49] "<unknown>        (&gtm)     45He63n1n71WM34QHv71673041za200zd71673041", source: https://www.google-analytics.com/u/analytics_debug.js (49)
[0325/051111.368:INFO:CONSOLE:49] "<unknown>        (&tag_exp) 103116026~103200004~115938465~115938469~116024733~117484252", source: https://www.google-analytics.com/u/analytics_debug.js (49)
[0325/051111.368:INFO:CONSOLE:49] "<unknown>        (&tcfd)    1065o", source: https://www.google-analytics.com/u/analytics_debug.js (49)
[0325/051111.368:INFO:CONSOLE:49] "adSenseId        (&a)       219963396", source: https://www.google-analytics.com/u/analytics_debug.js (49)
[0325/051111.368:INFO:CONSOLE:49] "apiVersion       (&v)       1", source: https://www.google-analytics.com/u/analytics_debug.js (49)
[0325/051111.368:INFO:CONSOLE:49] "clientId         (&cid)     1388983226.1774397435", source: https://www.google-analytics.com/u/analytics_debug.js (49)
[0325/051111.368:INFO:CONSOLE:49] "eventAction      (&ea)      curious", source: https://www.google-analytics.com/u/analytics_debug.js (49)
[0325/051111.368:INFO:CONSOLE:49] "eventCategory    (&ec)      Valuation purpose", source: https://www.google-analytics.com/u/analytics_debug.js (49)
[0325/051111.370:INFO:CONSOLE:49] "eventLabel       (&el)      Templates.CarValuationConfirmationPage", source: https://www.google-analytics.com/u/analytics_debug.js (49)
[0325/051111.370:INFO:CONSOLE:49] "hitType          (&t)       event", source: https://www.google-analytics.com/u/analytics_debug.js (49)
[0325/051111.370:INFO:CONSOLE:49] "language         (&ul)      en-gb", source: https://www.google-analytics.com/u/analytics_debug.js (49)
[0325/051111.370:INFO:CONSOLE:49] "location         (&dl)      https://www.parkers.co.uk/car-valuation/confirm/a123bcd/", source: https://www.google-analytics.com/u/analytics_debug.js (49)
[0325/051111.370:INFO:CONSOLE:49] "nonInteraction   (&ni)      0", source: https://www.google-analytics.com/u/analytics_debug.js (49)
[0325/051111.370:INFO:CONSOLE:49] "screenResolution (&sr)      1920x1080", source: https://www.google-analytics.com/u/analytics_debug.js (49)
[0325/051111.370:INFO:CONSOLE:49] "title            (&dt)      Confirm", source: https://www.google-analytics.com/u/analytics_debug.js (49)
[0325/051111.370:INFO:CONSOLE:49] "trackingId       (&tid)     UA-10756961-1", source: https://www.google-analytics.com/u/analytics_debug.js (49)
[0325/051111.370:INFO:CONSOLE:49] "viewportSize     (&vp)      1920x1080", source: https://www.google-analytics.com/u/analytics_debug.js (49)
[0325/051111.473:INFO:CONSOLE:51] "Anonymised tag: Failed to send interest scores: TypeError: Failed to fetch", source: https://wtr9s3nm5aoouaabz.ay.delivery/client-v2.js (51)
[0325/051111.494:INFO:CONSOLE:7] "Page Start", source: https://www.parkers.co.uk/ford/fiesta/hatchback-2008/10-ecoboost-zetec-5d/103/select-a-valuation/ (7)
[0325/051111.497:INFO:CONSOLE:287] "Init: Injected script "https://cdnjs.cloudflare.com/ajax/libs/jquery/3.6.0/jquery.min.js" async=true", source: https://www.parkers.co.uk/ford/fiesta/hatchback-2008/10-ecoboost-zetec-5d/103/select-a-valuation/ (287)
[0325/051111.497:INFO:CONSOLE:287] "Init: Injected script "https://cse.google.com/cse.js?cx=partner-pub-0732974847509699:4633199368" async=true", source: https://www.parkers.co.uk/ford/fiesta/hatchback-2008/10-ecoboost-zetec-5d/103/select-a-valuation/ (287)
[0325/051111.663:INFO:CONSOLE:1719] "Adblocker enabled: false", source: https://www.parkers.co.uk/ford/fiesta/hatchback-2008/10-ecoboost-zetec-5d/103/select-a-valuation/ (1719)
[0325/051111.715:INFO:CONSOLE:1] "Messaging without detection successfully executed.", source: https://cmp.parkers.co.uk/unified/wrapperMessagingWithoutDetection.js (1)
[0325/051111.720:INFO:CONSOLE:709] "[event] onSPReady [object Arguments]", source: https://www.parkers.co.uk/ford/fiesta/hatchback-2008/10-ecoboost-zetec-5d/103/select-a-valuation/ (709)
[0325/051111.720:INFO:CONSOLE:706] "[event] onMessageReceiveData [object Arguments]", source: https://www.parkers.co.uk/ford/fiesta/hatchback-2008/10-ecoboost-zetec-5d/103/select-a-valuation/ (706)
[0325/051111.721:INFO:CONSOLE:718] "[event] onConsentReady [object Arguments]", source: https://www.parkers.co.uk/ford/fiesta/hatchback-2008/10-ecoboost-zetec-5d/103/select-a-valuation/ (718)
[0325/051111.721:INFO:CONSOLE:706] "[event] onMessageReceiveData [object Arguments]", source: https://www.parkers.co.uk/ford/fiesta/hatchback-2008/10-ecoboost-zetec-5d/103/select-a-valuation/ (706)
[0325/051111.721:INFO:CONSOLE:718] "[event] onConsentReady [object Arguments]", source: https://www.parkers.co.uk/ford/fiesta/hatchback-2008/10-ecoboost-zetec-5d/103/select-a-valuation/ (718)
[0325/051111.721:INFO:CONSOLE:614] "CMP: No region applies", source: https://www.parkers.co.uk/ford/fiesta/hatchback-2008/10-ecoboost-zetec-5d/103/select-a-valuation/ (614)
[0325/051111.721:INFO:CONSOLE:615] "CMP: Consented vendor ids - ["5f1aada6b8e05c306c0597d7","622b1a2a293cdf2be28075f2","5f369a02b8e05c2f2d546a40","5f8036e6145f6b2baf93e3d6"]", source: https://www.parkers.co.uk/ford/fiesta/hatchback-2008/10-ecoboost-zetec-5d/103/select-a-valuation/ (615)
[0325/051111.723:INFO:CONSOLE:1] "interaction complete", source: https://cmp.parkers.co.uk/unified/wrapperMessagingWithoutDetection.js (1)
[0325/051111.727:INFO:CONSOLE:51] "No gallery container found.", source: https://wtr9s3nm5aoouaabz.ay.delivery/client-v2.js (51)
[0325/051111.731:INFO:CONSOLE:337] "Init: Document ready", source: https://www.parkers.co.uk/ford/fiesta/hatchback-2008/10-ecoboost-zetec-5d/103/select-a-valuation/ (337)
[0325/051111.733:INFO:CONSOLE:287] "Init: Injected script "https://cdnjs.cloudflare.com/ajax/libs/foundation/5.5.3/js/foundation.min.js" async=true", source: https://www.parkers.co.uk/ford/fiesta/hatchback-2008/10-ecoboost-zetec-5d/103/select-a-valuation/ (287)
[0325/051111.737:INFO:CONSOLE:287] "Init: Injected script "https://cdnjs.cloudflare.com/ajax/libs/modernizr/2.8.3/modernizr.min.js" async=true", source: https://www.parkers.co.uk/ford/fiesta/hatchback-2008/10-ecoboost-zetec-5d/103/select-a-valuation/ (287)
[0325/051111.744:INFO:CONSOLE:287] "Init: Injected script "https://cdnjs.cloudflare.com/ajax/libs/react/0.14.9/react.min.js" async=true", source: https://www.parkers.co.uk/ford/fiesta/hatchback-2008/10-ecoboost-zetec-5d/103/select-a-valuation/ (287)
[0325/051111.747:INFO:CONSOLE:287] "Init: Injected script "https://parkers-assets.bauersecure.com/js/parkers.common.aa45c23f9a5ba5f443eb.min.js" async=true", source: https://www.parkers.co.uk/ford/fiesta/hatchback-2008/10-ecoboost-zetec-5d/103/select-a-valuation/ (287)
[0325/051111.748:INFO:CONSOLE:287] "Init: Injected script "https://parkers-assets.bauersecure.com/js/car_valuation_primer_page_entry.4dff3f60e45c3047ee80.min.js" async=true", source: https://www.parkers.co.uk/ford/fiesta/hatchback-2008/10-ecoboost-zetec-5d/103/select-a-valuation/ (287)
[0325/051111.756:INFO:CONSOLE:2] "Parkers config,[object Object]", source: https://parkers-assets.bauersecure.com/js/parkers.common.aa45c23f9a5ba5f443eb.min.js (2)
[0325/051111.770:INFO:CONSOLE:2] "Initialising page - after 0.277s", source: https://parkers-assets.bauersecure.com/js/parkers.common.aa45c23f9a5ba5f443eb.min.js (2)
[0325/051111.770:INFO:CONSOLE:2] "Consent data: [object Object]", source: https://parkers-assets.bauersecure.com/js/parkers.common.aa45c23f9a5ba5f443eb.min.js (2)
[0325/051111.770:INFO:CONSOLE:2] "DFP: Initialising ad script - after 0.277s", source: https://parkers-assets.bauersecure.com/js/parkers.common.aa45c23f9a5ba5f443eb.min.js (2)
[0325/051111.771:INFO:CONSOLE:2] "DFP: Add sticky mpu scene", source: https://parkers-assets.bauersecure.com/js/parkers.common.aa45c23f9a5ba5f443eb.min.js (2)
[0325/051111.771:INFO:CONSOLE:2] "DFP: Add sticky inline leaderboard scene", source: https://parkers-assets.bauersecure.com/js/parkers.common.aa45c23f9a5ba5f443eb.min.js (2)
[0325/051111.773:INFO:CONSOLE:2] "DFP: Starting initial slot definition - after 0.279s", source: https://parkers-assets.bauersecure.com/js/parkers.common.aa45c23f9a5ba5f443eb.min.js (2)
[0325/051111.773:INFO:CONSOLE:2] "DFP: Defining leaderboard-1", source: https://parkers-assets.bauersecure.com/js/parkers.common.aa45c23f9a5ba5f443eb.min.js (2)
[0325/051111.773:INFO:CONSOLE:2] "DFP: Defining mpu-1", source: https://parkers-assets.bauersecure.com/js/parkers.common.aa45c23f9a5ba5f443eb.min.js (2)
[0325/051111.773:INFO:CONSOLE:2] "DFP: Defining inline-footer", source: https://parkers-assets.bauersecure.com/js/parkers.common.aa45c23f9a5ba5f443eb.min.js (2)
[0325/051111.773:INFO:CONSOLE:2] "DFP: Defining sticky_ad_bottom", source: https://parkers-assets.bauersecure.com/js/parkers.common.aa45c23f9a5ba5f443eb.min.js (2)
[0325/051111.773:INFO:CONSOLE:2] "DFP: Defining overlay", source: https://parkers-assets.bauersecure.com/js/parkers.common.aa45c23f9a5ba5f443eb.min.js (2)
[0325/051111.775:INFO:CONSOLE:51] "[GPT] Invalid arguments: PubAdsService.setTargeting('postcode', null).
https://goo.gle/gpt-message#96", source: https://wtr9s3nm5aoouaabz.ay.delivery/client-v2.js (51)
[0325/051111.775:INFO:CONSOLE:2] "DFP: Targetting set - after 0.282s", source: https://parkers-assets.bauersecure.com/js/parkers.common.aa45c23f9a5ba5f443eb.min.js (2)
[0325/051111.776:INFO:CONSOLE:2] "GTM data layer push,[object Object]", source: https://parkers-assets.bauersecure.com/js/parkers.common.aa45c23f9a5ba5f443eb.min.js (2)
[0325/051111.776:INFO:CONSOLE:2] "DFP: Provider timeout", source: https://parkers-assets.bauersecure.com/js/parkers.common.aa45c23f9a5ba5f443eb.min.js (2)
[0325/051111.776:INFO:CONSOLE:2] "DFP: Load initial ads - after 0.283s", source: https://parkers-assets.bauersecure.com/js/parkers.common.aa45c23f9a5ba5f443eb.min.js (2)
[0325/051111.776:INFO:CONSOLE:2] "DFP: Defined initial slots - after 0.283s", source: https://parkers-assets.bauersecure.com/js/parkers.common.aa45c23f9a5ba5f443eb.min.js (2)
[0325/051111.778:INFO:CONSOLE:2] "Admiral: Set value {templateName, Templates.CarValuationPrimer}", source: https://parkers-assets.bauersecure.com/js/parkers.common.aa45c23f9a5ba5f443eb.min.js (2)
[0325/051111.778:INFO:CONSOLE:2] "Admiral: Set value {isAffiliate, false}", source: https://parkers-assets.bauersecure.com/js/parkers.common.aa45c23f9a5ba5f443eb.min.js (2)
[0325/051111.779:INFO:CONSOLE:2] "GTM data layer push,[object Object]", source: https://parkers-assets.bauersecure.com/js/parkers.common.aa45c23f9a5ba5f443eb.min.js (2)
[0325/051111.782:INFO:CONSOLE:2] "Permutive consent has been granted - data will be collected", source: https://parkers-assets.bauersecure.com/js/parkers.common.aa45c23f9a5ba5f443eb.min.js (2)
[0325/051111.782:INFO:CONSOLE:2] "Media consumption data available.", source: https://parkers-assets.bauersecure.com/js/parkers.common.aa45c23f9a5ba5f443eb.min.js (2)
[0325/051111.783:INFO:CONSOLE:2] "Covatic notified: consent granted.", source: https://parkers-assets.bauersecure.com/js/parkers.common.aa45c23f9a5ba5f443eb.min.js (2)
[0325/051111.785:INFO:CONSOLE:2] "Covatic SDK is ready.", source: https://parkers-assets.bauersecure.com/js/parkers.common.aa45c23f9a5ba5f443eb.min.js (2)
[0325/051111.785:INFO:CONSOLE:2] "Covatic subscription level notified", source: https://parkers-assets.bauersecure.com/js/parkers.common.aa45c23f9a5ba5f443eb.min.js (2)
[0325/051111.786:INFO:CONSOLE:2] "Media consumption notified.", source: https://parkers-assets.bauersecure.com/js/parkers.common.aa45c23f9a5ba5f443eb.min.js (2)
[0325/051111.787:INFO:CONSOLE:2] "Covatic - Storage not ready (consent not given or storage not initialized), skipping cache clear", source: https://browser.covatic.io/sdk/v1/bauer.js (2)
[0325/051111.787:INFO:CONSOLE:2] "AudienceProfiles: ,9999", source: https://parkers-assets.bauersecure.com/js/parkers.common.aa45c23f9a5ba5f443eb.min.js (2)
[0325/051111.787:INFO:CONSOLE:2] "AudienceProfiles stored in localStorage.", source: https://parkers-assets.bauersecure.com/js/parkers.common.aa45c23f9a5ba5f443eb.min.js (2)
[0325/051112.006:INFO:CONSOLE:1] "[GPT PATCH] Initializing googletag.setConfig patch", source: https://static.anonymised.io/light/loader.js?ref=ay (1)
[0325/051112.006:INFO:CONSOLE:1] "[GPT PATCH] googletag.setConfig successfully patched", source: https://static.anonymised.io/light/loader.js?ref=ay (1)
[0325/051112.006:INFO:CONSOLE:1] "[PPID PATCH] setPublisherProvidedId patched", source: https://static.anonymised.io/light/loader.js?ref=ay (1)
[0325/051112.007:INFO:CONSOLE:1] "[REFRESH PATCH] pubads.refresh patched", source: https://static.anonymised.io/light/loader.js?ref=ay (1)
[0325/051112.008:INFO:CONSOLE:1] "[PPID PATCH] Injecting PPID [object Object]", source: https://static.anonymised.io/light/loader.js?ref=ay (1)
[0325/051112.026:INFO:CONSOLE:51] "Anonymised tag: Unset or used incorrect value of the cmp-provider:'undefined'. 
        The default TCFv2 API will be used", source: https://wtr9s3nm5aoouaabz.ay.delivery/client-v2.js (51)
[0325/051112.029:INFO:CONSOLE:7] "AuthModule initialized", source: https://cdn1.anonymised.io/light/auth.js?v=1.8.51 (7)
[0325/051112.052:INFO:CONSOLE:10] "Starting 3pc test", source: https://static.anonm.io/light/check3pc.html (10)
[0325/051112.052:INFO:CONSOLE:33] "3PC enabled: true", source: https://static.anonm.io/light/check3pc.html (33)
[0325/051112.052:INFO:CONSOLE:16] "Storage API: cookie access granted", source: https://static.anonm.io/light/check3pc.html (16)
[0325/051112.070:INFO:CONSOLE:1] "[GPT PATCH] Passing setConfig through [object Object]", source: https://static.anonymised.io/light/loader.js?ref=ay (1)
[0325/051112.071:INFO:CONSOLE:1] "[REFRESH PATCH] Injecting targeting [object Object]", source: https://static.anonymised.io/light/loader.js?ref=ay (1)
[0325/051112.298:INFO:CONSOLE:51] "Anonymised tag: Failed to send interest scores: TypeError: Failed to fetch", source: https://wtr9s3nm5aoouaabz.ay.delivery/client-v2.js (51)
[0325/051112.326:INFO:CONSOLE:7] "Page Start", source: https://www.parkers.co.uk/ford/fiesta/hatchback-2008/10-ecoboost-zetec-5d/103/free-valuation/ (7)
[0325/051112.327:INFO:CONSOLE:287] "Init: Injected script "https://cdnjs.cloudflare.com/ajax/libs/jquery/3.6.0/jquery.min.js" async=true", source: https://www.parkers.co.uk/ford/fiesta/hatchback-2008/10-ecoboost-zetec-5d/103/free-valuation/ (287)
[0325/051112.327:INFO:CONSOLE:287] "Init: Injected script "https://cse.google.com/cse.js?cx=partner-pub-0732974847509699:4633199368" async=true", source: https://www.parkers.co.uk/ford/fiesta/hatchback-2008/10-ecoboost-zetec-5d/103/free-valuation/ (287)
[0325/051112.518:INFO:CONSOLE:1] "Messaging without detection successfully executed.", source: https://cmp.parkers.co.uk/unified/wrapperMessagingWithoutDetection.js (1)
[0325/051112.527:INFO:CONSOLE:709] "[event] onSPReady [object Arguments]", source: https://www.parkers.co.uk/ford/fiesta/hatchback-2008/10-ecoboost-zetec-5d/103/free-valuation/ (709)
[0325/051112.527:INFO:CONSOLE:706] "[event] onMessageReceiveData [object Arguments]", source: https://www.parkers.co.uk/ford/fiesta/hatchback-2008/10-ecoboost-zetec-5d/103/free-valuation/ (706)
[0325/051112.528:INFO:CONSOLE:718] "[event] onConsentReady [object Arguments]", source: https://www.parkers.co.uk/ford/fiesta/hatchback-2008/10-ecoboost-zetec-5d/103/free-valuation/ (718)
[0325/051112.529:INFO:CONSOLE:706] "[event] onMessageReceiveData [object Arguments]", source: https://www.parkers.co.uk/ford/fiesta/hatchback-2008/10-ecoboost-zetec-5d/103/free-valuation/ (706)
[0325/051112.529:INFO:CONSOLE:718] "[event] onConsentReady [object Arguments]", source: https://www.parkers.co.uk/ford/fiesta/hatchback-2008/10-ecoboost-zetec-5d/103/free-valuation/ (718)
[0325/051112.529:INFO:CONSOLE:614] "CMP: No region applies", source: https://www.parkers.co.uk/ford/fiesta/hatchback-2008/10-ecoboost-zetec-5d/103/free-valuation/ (614)
[0325/051112.529:INFO:CONSOLE:615] "CMP: Consented vendor ids - ["5f1aada6b8e05c306c0597d7","622b1a2a293cdf2be28075f2","5f369a02b8e05c2f2d546a40","5f8036e6145f6b2baf93e3d6"]", source: https://www.parkers.co.uk/ford/fiesta/hatchback-2008/10-ecoboost-zetec-5d/103/free-valuation/ (615)
[0325/051112.532:INFO:CONSOLE:1] "interaction complete", source: https://cmp.parkers.co.uk/unified/wrapperMessagingWithoutDetection.js (1)
[0325/051112.603:INFO:CONSOLE:2239] "Adblocker enabled: false", source: https://www.parkers.co.uk/ford/fiesta/hatchback-2008/10-ecoboost-zetec-5d/103/free-valuation/ (2239)
[0325/051112.739:INFO:CONSOLE:51] "No gallery container found.", source: https://wtr9s3nm5aoouaabz.ay.delivery/client-v2.js (51)
[0325/051112.753:INFO:CONSOLE:337] "Init: Document ready", source: https://www.parkers.co.uk/ford/fiesta/hatchback-2008/10-ecoboost-zetec-5d/103/free-valuation/ (337)
[0325/051112.754:INFO:CONSOLE:287] "Init: Injected script "https://cdnjs.cloudflare.com/ajax/libs/foundation/5.5.3/js/foundation.min.js" async=true", source: https://www.parkers.co.uk/ford/fiesta/hatchback-2008/10-ecoboost-zetec-5d/103/free-valuation/ (287)
[0325/051112.809:INFO:CONSOLE:287] "Init: Injected script "https://cdnjs.cloudflare.com/ajax/libs/modernizr/2.8.3/modernizr.min.js" async=true", source: https://www.parkers.co.uk/ford/fiesta/hatchback-2008/10-ecoboost-zetec-5d/103/free-valuation/ (287)
[0325/051112.826:INFO:CONSOLE:287] "Init: Injected script "https://cdnjs.cloudflare.com/ajax/libs/react/0.14.9/react.min.js" async=true", source: https://www.parkers.co.uk/ford/fiesta/hatchback-2008/10-ecoboost-zetec-5d/103/free-valuation/ (287)
[0325/051112.836:INFO:CONSOLE:287] "Init: Injected script "https://parkers-assets.bauersecure.com/js/parkers.common.aa45c23f9a5ba5f443eb.min.js" async=true", source: https://www.parkers.co.uk/ford/fiesta/hatchback-2008/10-ecoboost-zetec-5d/103/free-valuation/ (287)
[0325/051112.840:INFO:CONSOLE:287] "Init: Injected script "https://parkers-assets.bauersecure.com/js/car_valuation_detail_free_page_entry.85dfa92ddf10fa9af95e.min.js" async=true", source: https://www.parkers.co.uk/ford/fiesta/hatchback-2008/10-ecoboost-zetec-5d/103/free-valuation/ (287)
[0325/051112.855:INFO:CONSOLE:2] "Parkers config,[object Object]", source: https://parkers-assets.bauersecure.com/js/parkers.common.aa45c23f9a5ba5f443eb.min.js (2)
[0325/051112.899:INFO:CONSOLE:2] "Initialising page - after 0.572s", source: https://parkers-assets.bauersecure.com/js/parkers.common.aa45c23f9a5ba5f443eb.min.js (2)
[0325/051112.915:INFO:CONSOLE:2] "Consent data: [object Object]", source: https://parkers-assets.bauersecure.com/js/parkers.common.aa45c23f9a5ba5f443eb.min.js (2)
[0325/051112.915:INFO:CONSOLE:2] "DFP: Initialising ad script - after 0.591s", source: https://parkers-assets.bauersecure.com/js/parkers.common.aa45c23f9a5ba5f443eb.min.js (2)
[0325/051112.917:INFO:CONSOLE:2] "DFP: Add sticky mpu scene", source: https://parkers-assets.bauersecure.com/js/parkers.common.aa45c23f9a5ba5f443eb.min.js (2)
[0325/051112.923:INFO:CONSOLE:2] "DFP: Add sticky inline leaderboard scene", source: https://parkers-assets.bauersecure.com/js/parkers.common.aa45c23f9a5ba5f443eb.min.js (2)
[0325/051112.924:INFO:CONSOLE:2] "DFP: Starting initial slot definition - after 0.598s", source: https://parkers-assets.bauersecure.com/js/parkers.common.aa45c23f9a5ba5f443eb.min.js (2)
[0325/051112.924:INFO:CONSOLE:2] "DFP: Defining leaderboard-1", source: https://parkers-assets.bauersecure.com/js/parkers.common.aa45c23f9a5ba5f443eb.min.js (2)
[0325/051112.924:INFO:CONSOLE:2] "DFP: Defining mpu-1", source: https://parkers-assets.bauersecure.com/js/parkers.common.aa45c23f9a5ba5f443eb.min.js (2)
[0325/051112.924:INFO:CONSOLE:2] "DFP: Defining mpu-2", source: https://parkers-assets.bauersecure.com/js/parkers.common.aa45c23f9a5ba5f443eb.min.js (2)
[0325/051112.924:INFO:CONSOLE:2] "DFP: Defining inline-footer", source: https://parkers-assets.bauersecure.com/js/parkers.common.aa45c23f9a5ba5f443eb.min.js (2)
[0325/051112.924:INFO:CONSOLE:2] "DFP: Defining sticky_ad_bottom", source: https://parkers-assets.bauersecure.com/js/parkers.common.aa45c23f9a5ba5f443eb.min.js (2)
[0325/051112.926:INFO:CONSOLE:2] "DFP: Defining overlay", source: https://parkers-assets.bauersecure.com/js/parkers.common.aa45c23f9a5ba5f443eb.min.js (2)
[0325/051112.928:INFO:CONSOLE:51] "[GPT] Invalid arguments: PubAdsService.setTargeting('postcode', null).
https://goo.gle/gpt-message#96", source: https://wtr9s3nm5aoouaabz.ay.delivery/client-v2.js (51)
[0325/051112.929:INFO:CONSOLE:2] "DFP: Targetting set - after 0.604s", source: https://parkers-assets.bauersecure.com/js/parkers.common.aa45c23f9a5ba5f443eb.min.js (2)
[0325/051112.929:INFO:CONSOLE:2] "GTM data layer push,[object Object]", source: https://parkers-assets.bauersecure.com/js/parkers.common.aa45c23f9a5ba5f443eb.min.js (2)
[0325/051112.931:INFO:CONSOLE:2] "DFP: Provider timeout", source: https://parkers-assets.bauersecure.com/js/parkers.common.aa45c23f9a5ba5f443eb.min.js (2)
[0325/051112.931:INFO:CONSOLE:2] "DFP: Load initial ads - after 0.605s", source: https://parkers-assets.bauersecure.com/js/parkers.common.aa45c23f9a5ba5f443eb.min.js (2)
[0325/051112.931:INFO:CONSOLE:2] "DFP: Defined initial slots - after 0.606s", source: https://parkers-assets.bauersecure.com/js/parkers.common.aa45c23f9a5ba5f443eb.min.js (2)
[0325/051112.933:INFO:CONSOLE:2] "Admiral: Set value {templateName, Templates.CarValuationDetailFree}", source: https://parkers-assets.bauersecure.com/js/parkers.common.aa45c23f9a5ba5f443eb.min.js (2)
[0325/051112.933:INFO:CONSOLE:2] "Admiral: Set value {isAffiliate, false}", source: https://parkers-assets.bauersecure.com/js/parkers.common.aa45c23f9a5ba5f443eb.min.js (2)
[0325/051112.935:INFO:CONSOLE:2] "GTM data layer push,[object Object]", source: https://parkers-assets.bauersecure.com/js/parkers.common.aa45c23f9a5ba5f443eb.min.js (2)
[0325/051112.937:INFO:CONSOLE:2] "Permutive consent has been granted - data will be collected", source: https://parkers-assets.bauersecure.com/js/parkers.common.aa45c23f9a5ba5f443eb.min.js (2)
[0325/051112.937:INFO:CONSOLE:2] "Media consumption data available.", source: https://parkers-assets.bauersecure.com/js/parkers.common.aa45c23f9a5ba5f443eb.min.js (2)
[0325/051112.939:INFO:CONSOLE:2] "Covatic notified: consent granted.", source: https://parkers-assets.bauersecure.com/js/parkers.common.aa45c23f9a5ba5f443eb.min.js (2)
[0325/051112.942:INFO:CONSOLE:2] "Covatic SDK is ready.", source: https://parkers-assets.bauersecure.com/js/parkers.common.aa45c23f9a5ba5f443eb.min.js (2)
[0325/051112.943:INFO:CONSOLE:2] "Covatic subscription level notified", source: https://parkers-assets.bauersecure.com/js/parkers.common.aa45c23f9a5ba5f443eb.min.js (2)
[0325/051112.944:INFO:CONSOLE:2] "Media consumption notified.", source: https://parkers-assets.bauersecure.com/js/parkers.common.aa45c23f9a5ba5f443eb.min.js (2)
[0325/051112.946:INFO:CONSOLE:2] "Covatic - Storage not ready (consent not given or storage not initialized), skipping cache clear", source: https://browser.covatic.io/sdk/v1/bauer.js (2)
[0325/051112.946:INFO:CONSOLE:2] "AudienceProfiles: ,9999", source: https://parkers-assets.bauersecure.com/js/parkers.common.aa45c23f9a5ba5f443eb.min.js (2)
[0325/051112.947:INFO:CONSOLE:2] "AudienceProfiles stored in localStorage.", source: https://parkers-assets.bauersecure.com/js/parkers.common.aa45c23f9a5ba5f443eb.min.js (2)
[0325/051113.375:INFO:CONSOLE:1] "[GPT PATCH] Initializing googletag.setConfig patch", source: https://static.anonymised.io/light/loader.js?ref=ay (1)
[0325/051113.375:INFO:CONSOLE:1] "[GPT PATCH] googletag.setConfig successfully patched", source: https://static.anonymised.io/light/loader.js?ref=ay (1)
[0325/051113.376:INFO:CONSOLE:1] "[PPID PATCH] setPublisherProvidedId patched", source: https://static.anonymised.io/light/loader.js?ref=ay (1)
[0325/051113.376:INFO:CONSOLE:1] "[REFRESH PATCH] pubads.refresh patched", source: https://static.anonymised.io/light/loader.js?ref=ay (1)
[0325/051113.378:INFO:CONSOLE:1] "[PPID PATCH] Injecting PPID [object Object]", source: https://static.anonymised.io/light/loader.js?ref=ay (1)
[0325/051113.418:INFO:CONSOLE:845] "data = [object Object]", source: https://www.googletagmanager.com/gtm.js?id=GTM-WM34QH&l=bauerDataLayer&gtm_auth=aid-I-0lB9YbgOCpsoLHPg&gtm_preview=env-3&gtm_cookies_win=x (845)
[0325/051113.555:INFO:CONSOLE:51] "Anonymised tag: Unset or used incorrect value of the cmp-provider:'undefined'. 
        The default TCFv2 API will be used", source: https://wtr9s3nm5aoouaabz.ay.delivery/client-v2.js (51)
[0325/051113.560:INFO:CONSOLE:7] "AuthModule initialized", source: https://cdn1.anonymised.io/light/auth.js?v=1.8.51 (7)
[0325/051113.757:INFO:CONSOLE:10] "Starting 3pc test", source: https://static.anonm.io/light/check3pc.html (10)
[0325/051113.757:INFO:CONSOLE:33] "3PC enabled: true", source: https://static.anonm.io/light/check3pc.html (33)
[0325/051113.757:INFO:CONSOLE:16] "Storage API: cookie access granted", source: https://static.anonm.io/light/check3pc.html (16)
